빌드 시작: 2018-05-04 오후 3:00:59
     1>2 노드의 "I:\computer\third\데통\4주차 팀 과제\DC_00_4조_2번째_조별과제\ipc.vcxproj" 프로젝트(build 대상)입니다.
     1>InitializeBuildStatus:
         ".\Release\ARP.unsuccessfulbuild"에 연결(touching)하고 있습니다.
       ClCompile:
         모든 출력이 최신 상태입니다.
         C:\Program Files (x86)\Microsoft Visual Studio 10.0\VC\bin\CL.exe /c /Zi /nologo /W3 /WX- /O2 /Ob1 /Oy- /D WIN32 /D NDEBUG /D _WINDOWS /D HAVE_REMOTE /D WPCAP /D _VC80_UPGRADE=0x0600 /D _MBCS /D _AFXDLL /GF /Gm- /EHsc /MD /GS /Gy /fp:precise /Zc:wchar_t /Zc:forScope /Yu"stdafx.h" /Fp".\Release\ipc.pch" /Fo".\Release\\" /Fd".\Release\vc100.pdb" /Gd /TP /analyze- /errorReport:prompt ARPAppDlg.cpp
         ARPAppDlg.cpp
       ResourceCompile:
         C:\Program Files (x86)\Microsoft Visual Studio 10.0\VC\bin\rc.exe /D NDEBUG /D _VC80_UPGRADE=0x0600 /D _AFXDLL /l"0x0412" /nologo /fo".\Release\arp.res" arp.rc 
     1>C:\Program Files (x86)\MSBuild\Microsoft.Cpp\v4.0\Microsoft.CppBuild.targets(990,5): warning MSB8012: TargetPath(I:\computer\third\데통\4주차 팀 과제\DC_00_4조_2번째_조별과제\.\Release\ARP.exe)이(가) Linker의 OutputFile 속성 값(I:\computer\third\데통\4주차 팀 과제\DC_00_4조_2번째_조별과제\Release\ipc.exe)과 일치하지 않습니다. 이로 인해 프로젝트가 잘못 빌드될 수 있습니다. 이를 수정하려면 $(OutDir), $(TargetName) 및 $(TargetExt) 속성 값이 %(Link.OutputFile)에 지정된 값과 일치해야 합니다.
     1>C:\Program Files (x86)\MSBuild\Microsoft.Cpp\v4.0\Microsoft.CppBuild.targets(992,5): warning MSB8012: TargetName(ARP)이(가) Linker의 OutputFile 속성 값(ipc)과 일치하지 않습니다. 이로 인해 프로젝트가 잘못 빌드될 수 있습니다. 이를 수정하려면 $(OutDir), $(TargetName) 및 $(TargetExt) 속성 값이 %(Link.OutputFile)에 지정된 값과 일치해야 합니다.
       Link:
         C:\Program Files (x86)\Microsoft Visual Studio 10.0\VC\bin\link.exe /ERRORREPORT:PROMPT /OUT:".\Release\ipc.exe" /INCREMENTAL:NO /NOLOGO wpcap.lib packet.lib /MANIFEST /ManifestFile:".\Release\ARP.exe.intermediate.manifest" /MANIFESTUAC:"level='asInvoker' uiAccess='false'" /PDB:"I:\computer\third\데통\4주차 팀 과제\DC_00_4조_2번째_조별과제\Release\ARP.pdb" /SUBSYSTEM:WINDOWS /TLBID:1 /DYNAMICBASE /NXCOMPAT /IMPLIB:".\Release\ARP.lib" /MACHINE:X86 .\Release\arp.res
         .\Release\BaseLayer.obj
         .\Release\ARPLayer.obj
         .\Release\EthernetLayer.obj
         .\Release\NILayer.obj
         .\Release\arp.obj
         .\Release\ARPAppDlg.obj
         .\Release\IPLayer.obj
         .\Release\LayerManager.obj
         .\Release\StdAfx.obj
         ipc.vcxproj -> I:\computer\third\데통\4주차 팀 과제\DC_00_4조_2번째_조별과제\.\Release\ARP.exe
       Manifest:
         C:\Program Files (x86)\Microsoft SDKs\Windows\v7.0A\bin\mt.exe /nologo /verbose /outputresource:".\Release\ipc.exe;#1" /manifest .\Release\ARP.exe.intermediate.manifest "C:\Program Files (x86)\Microsoft Visual Studio 10.0\VC\Include\Manifest\dpiaware.manifest"
       FinalizeBuildStatus:
         ".\Release\ARP.unsuccessfulbuild" 파일을 삭제하고 있습니다.
         ".\Release\ARP.lastbuildstate"에 연결(touching)하고 있습니다.
     1>"I:\computer\third\데통\4주차 팀 과제\DC_00_4조_2번째_조별과제\ipc.vcxproj" 프로젝트를 빌드했습니다(build 대상).

빌드했습니다.

경과 시간: 00:00:02.80
